c:\users\dell\desktop\socketclient\socketclient\debug\vc141.pdb
c:\users\dell\desktop\socketclient\socketclient\debug\vc141.idb
c:\users\dell\desktop\socketclient\socketclient\debug\lib.obj
c:\users\dell\desktop\socketclient\socketclient\debug\socketclientdlg.obj
c:\users\dell\desktop\socketclient\socketclient\debug\socketclient.obj
c:\users\dell\desktop\oldversion\socketclient\socketclient\debug\socketclient.pch
c:\users\dell\desktop\oldversion\socketclient\socketclient\debug\vc141.pdb
c:\users\dell\desktop\oldversion\socketclient\socketclient\debug\vc141.idb
c:\users\dell\desktop\oldversion\socketclient\socketclient\debug\stdafx.obj
c:\users\dell\desktop\oldversion\socketclient\socketclient\debug\socketclientdlg.obj
c:\users\dell\desktop\oldversion\socketclient\socketclient\debug\socketclient.obj
c:\users\dell\desktop\oldversion\socketclient\socketclient\debug\lib.obj
c:\users\dell\desktop\socketclient\socketclient\debug\socketclient.pch
c:\users\dell\desktop\socketclient\socketclient\debug\stdafx.obj
c:\users\dell\desktop\socketclient\socketclient\debug\messagedlg.obj
c:\users\dell\desktop\oldversion\socketclient\debug\socketclient.exe
c:\users\dell\desktop\oldversion\socketclient\debug\socketclient.ilk
c:\users\dell\desktop\oldversion\socketclient\debug\socketclient.pdb
c:\users\dell\desktop\socketclient\debug\socketclient.exe
c:\users\dell\desktop\socketclient\debug\socketclient.ilk
c:\users\dell\desktop\socketclient\debug\socketclient.pdb
c:\users\dell\desktop\oldversion\socketclient\socketclient\debug\socketclient.res
c:\users\dell\desktop\socketclient\socketclient\debug\socketclient.res
c:\users\dell\desktop\socketclient\socketclient\debug\socketclient.tlog\cl.command.1.tlog
c:\users\dell\desktop\socketclient\socketclient\debug\socketclient.tlog\cl.read.1.tlog
c:\users\dell\desktop\socketclient\socketclient\debug\socketclient.tlog\cl.write.1.tlog
c:\users\dell\desktop\socketclient\socketclient\debug\socketclient.tlog\link.command.1.tlog
c:\users\dell\desktop\socketclient\socketclient\debug\socketclient.tlog\link.read.1.tlog
c:\users\dell\desktop\socketclient\socketclient\debug\socketclient.tlog\link.write.1.tlog
c:\users\dell\desktop\socketclient\socketclient\debug\socketclient.tlog\rc.command.1.tlog
c:\users\dell\desktop\socketclient\socketclient\debug\socketclient.tlog\rc.read.1.tlog
c:\users\dell\desktop\socketclient\socketclient\debug\socketclient.tlog\rc.write.1.tlog
