c:\users\dell\desktop\socketserver\socketserver\debug\socketserver.pch
c:\users\dell\desktop\socketserver\socketserver\debug\vc141.pdb
c:\users\dell\desktop\socketserver\socketserver\debug\vc141.idb
c:\users\dell\desktop\socketserver\socketserver\debug\stdafx.obj
c:\users\dell\desktop\socketserver\socketserver\debug\socketserverdlg.obj
c:\users\dell\desktop\socketserver\socketserver\debug\socketserver.obj
c:\users\dell\desktop\oldversion\socketserver\socketserver\debug\socketserver.pch
c:\users\dell\desktop\oldversion\socketserver\socketserver\debug\vc141.pdb
c:\users\dell\desktop\oldversion\socketserver\socketserver\debug\vc141.idb
c:\users\dell\desktop\oldversion\socketserver\socketserver\debug\stdafx.obj
c:\users\dell\desktop\oldversion\socketserver\socketserver\debug\socketserverdlg.obj
c:\users\dell\desktop\oldversion\socketserver\socketserver\debug\socketserver.obj
c:\users\dell\desktop\oldversion\socketserver\socketserver\debug\lib.obj
c:\users\dell\desktop\oldversion\socketserver\socketserver\debug\editdlg.obj
c:\users\dell\desktop\socketserver\socketserver\debug\lib.obj
c:\users\dell\desktop\socketserver\socketserver\debug\editdlg.obj
c:\users\dell\desktop\oldversion\socketserver\debug\socketserver.exe
c:\users\dell\desktop\oldversion\socketserver\debug\socketserver.ilk
c:\users\dell\desktop\oldversion\socketserver\debug\socketserver.pdb
c:\users\dell\desktop\socketserver\debug\socketserver.exe
c:\users\dell\desktop\socketserver\debug\socketserver.ilk
c:\users\dell\desktop\socketserver\debug\socketserver.pdb
c:\users\dell\desktop\socketserver\socketserver\debug\socketserver.res
c:\users\dell\desktop\oldversion\socketserver\socketserver\debug\socketserver.res
c:\users\dell\desktop\socketserver\socketserver\debug\socketserver.tlog\cl.command.1.tlog
c:\users\dell\desktop\socketserver\socketserver\debug\socketserver.tlog\cl.read.1.tlog
c:\users\dell\desktop\socketserver\socketserver\debug\socketserver.tlog\cl.write.1.tlog
c:\users\dell\desktop\socketserver\socketserver\debug\socketserver.tlog\link.command.1.tlog
c:\users\dell\desktop\socketserver\socketserver\debug\socketserver.tlog\link.read.1.tlog
c:\users\dell\desktop\socketserver\socketserver\debug\socketserver.tlog\link.write.1.tlog
c:\users\dell\desktop\socketserver\socketserver\debug\socketserver.tlog\rc.command.1.tlog
c:\users\dell\desktop\socketserver\socketserver\debug\socketserver.tlog\rc.read.1.tlog
c:\users\dell\desktop\socketserver\socketserver\debug\socketserver.tlog\rc.write.1.tlog
